2024-02-15 09:50:58 [ERROR] o.s.b.d.LoggingFailureAnalysisReporter - 

***************************
APPLICATION FAILED TO START
***************************

Description:

Field reactionPointService in com.example.demo.controller.UsrArticleController required a bean of type 'com.example.demo.service.ReactionPointService' that could not be found.

The injection point has the following annotations:
	- @org.springframework.beans.factory.annotation.Autowired(required=true)


Action:

Consider defining a bean of type 'com.example.demo.service.ReactionPointService' in your configuration.

2024-02-15 09:51:09 [ERROR] o.s.b.d.LoggingFailureAnalysisReporter - 

***************************
APPLICATION FAILED TO START
***************************

Description:

Field reactionPointService in com.example.demo.controller.UsrArticleController required a bean of type 'com.example.demo.service.ReactionPointService' that could not be found.

The injection point has the following annotations:
	- @org.springframework.beans.factory.annotation.Autowired(required=true)


Action:

Consider defining a bean of type 'com.example.demo.service.ReactionPointService' in your configuration.

2024-02-15 09:57:48 [ERROR] o.s.b.d.LoggingFailureAnalysisReporter - 

***************************
APPLICATION FAILED TO START
***************************

Description:

Field reactionPointService in com.example.demo.controller.UsrArticleController required a bean of type 'com.example.demo.service.ReactionPointService' that could not be found.

The injection point has the following annotations:
	- @org.springframework.beans.factory.annotation.Autowired(required=true)


Action:

Consider defining a bean of type 'com.example.demo.service.ReactionPointService' in your configuration.

2024-02-15 09:57:53 [ERROR] o.s.b.d.LoggingFailureAnalysisReporter - 

***************************
APPLICATION FAILED TO START
***************************

Description:

Field reactionPointService in com.example.demo.controller.UsrArticleController required a bean of type 'com.example.demo.service.ReactionPointService' that could not be found.

The injection point has the following annotations:
	- @org.springframework.beans.factory.annotation.Autowired(required=true)


Action:

Consider defining a bean of type 'com.example.demo.service.ReactionPointService' in your configuration.

